2018-05-04 17:25:33.215101: I tensorflow/stream_executor/cuda/cuda_gpu_executor.cc:892] successful NUMA node read from SysFS had negative value (-1), but there must be at least one NUMA node, so returning NUMA node zero
2018-05-04 17:25:33.215491: I tensorflow/core/common_runtime/gpu/gpu_device.cc:1030] Found device 0 with properties:
name: Tesla P100-PCIE-16GB major: 6 minor: 0 memoryClockRate(GHz): 1.3285
pciBusID: 0000:00:04.0
totalMemory: 15.89GiB freeMemory: 15.52GiB
2018-05-04 17:25:33.215536: I tensorflow/core/common_runtime/gpu/gpu_device.cc:1120] Creating TensorFlow device (/device:GPU:0) -> (device: 0, name: Tesla P100-PCIE-16GB, pci bus id: 0000:00:04.0, compute capability: 6.0)

DEBUG:tensorflow:fold_idx=1, MODEL_FLAGS=Namespace(dropout_keep_prob=0.5, file_chars='./map_chars.txt', file_words='./map_words.txt', frame_size_ms=30.0, frame_stride_ms=10.0, key_words='yes,no,up,down,left,right,on,off,stop,go', l2_scale=0, lr_drate=0.3, lr_init=0.0002, num_mel_bins=46, pad_ms=140, sample_rate=16000, target_duration_ms=1140)
DEBUG:tensorflow:num_words=30, num_chars=28, max_label_length=4
DEBUG:tensorflow:23203, dataset divider: [63072, 23791634, 52402113, 77136829, 105976353, 134187903]
DEBUG:tensorflow:num_speakers_per_fold: [335, 384, 363, 398, 356]
DEBUG:tensorflow:encode_audio: saving to dataset/train/audio/9/silence_0.wav
DEBUG:tensorflow:[training] 11, 20478, Counter({'9': 1900, 'nO': 1900, 'gO': 1877, 'on': 1872, 'yes': 1869, 'sdop': 1857, 'dUn': 1857, 'of': 1844, 'left': 1837, 'up': 1833, 'rIt': 1832})
DEBUG:tensorflow:[training] 19, 30929, Counter({'sics': 1895, 'fw': 1880, 'tw': 1871, 'sirO': 1867, 'nIn': 1861, 'sevn': 1861, 'wun': 1853, 'srE': 1848, 'Et': 1844, 'fIv': 1840, 'dog': 1401, 'mavn': 1385, 'wU': 1375, 'cat': 1372, 'bed': 1372, 'hUs': 1371, 'sEli': 1367, 'hapi': 1352, 'bwd': 1314})
DEBUG:tensorflow:
DEBUG:tensorflow:[validation] 30, 6134, Counter({'9': 487, 'up': 487, 'sdop': 484, 'rIt': 479, 'yes': 476, 'dUn': 467, 'left': 466, 'of': 457, 'gO': 438, 'nO': 437, 'on': 434, 'fIv': 70, 'srE': 69, 'hapi': 68, 'sevn': 64, 'fw': 61, 'wun': 61, 'sirO': 60, 'nIn': 56, 'wU': 55, 'Et': 53, 'tw': 52, 'sics': 50, 'hUs': 49, 'bed': 46, 'bwd': 45, 'cat': 42, 'mavn': 41, 'sEli': 40, 'dog': 40})
DEBUG:tensorflow:[validation] 26, Counter({'n': 1616, 'o': 1415, 's': 1342, 't': 1092, 'd': 1082, 'f': 1054, 'e': 1052, 'p': 1039, 'O': 935, 'r': 608, 'I': 605, 'U': 571, 'u': 548, 'l': 506, '9': 487, 'g': 478, 'y': 476, 'w': 274, 'i': 218, 'v': 175, 'E': 162, 'a': 151, 'h': 117, 'c': 92, 'b': 91, 'm': 41})
DEBUG:tensorflow:[validation] 30, Counter({'9': 10.2, 'up': 10.2, 'sdop': 10.1, 'rIt': 10.0, 'yes': 9.9, 'dUn': 9.7, 'left': 9.7, 'of': 9.5, 'on': 9.1, 'nO': 9.1, 'gO': 9.1, 'fIv': 1.5, 'hapi': 1.4, 'srE': 1.4, 'fw': 1.3, 'sirO': 1.3, 'sevn': 1.3, 'wun': 1.3, 'nIn': 1.2, 'tw': 1.1, 'Et': 1.1, 'wU': 1.1, 'hUs': 1.0, 'bed': 1.0, 'sics': 1.0, 'bwd': 0.9, 'cat': 0.9, 'mavn': 0.9, 'sEli': 0.8, 'dog': 0.8})
INFO:tensorflow:dataset size: training=24573, validation=6134, T/V=4.01

INFO:tensorflow:AudioNN parameters: [18240, 480, 160, 46]
INFO:tensorflow:nn_input.shape = (?, 112, 46), is_training=True
DEBUG:tensorflow:resnet_output.shape = (?, 108, 44, 64)
DEBUG:tensorflow:maxpool_out.shape = (?, 54, 22, 64)
DEBUG:tensorflow:resnet_output.shape = (?, 52, 20, 128)
DEBUG:tensorflow:maxpool_out.shape = (?, 26, 10, 128)
DEBUG:tensorflow:resnet_output.shape = (?, 24, 8, 256)
DEBUG:tensorflow:maxpool_out.shape = (?, 12, 4, 256)
INFO:tensorflow:cnn_out.shape = (?, 12, 4, 256)
DEBUG:tensorflow:lstm_input.shape = (?, 12, 1024)
INFO:tensorflow:lstm_output.shape = (?, 12, 768)
DEBUG:tensorflow:fc_input.shape = (?, 768)
DEBUG:tensorflow:fc_output.shape = (?, 160)
DEBUG:tensorflow:fc_output.shape = (?, 28)
INFO:tensorflow:fc_logits.shape = (?, 12, 28)
DEBUG:tensorflow:num_weights_params=9098560
DEBUG:tensorflow:optimizer dependencies: 38
DEBUG:tensorflow:l2_scale=0.000000, max_grad_norm=10.000000
INFO:tensorflow:num_epochs=[46.88, 6.21], step_max=9000, lr_decay_step=3800, steps_per_epoch=192, initial_validation_steps=192
INFO:tensorflow:Saved to "run/ckpts/ann_0426_1853.ckpt-0"
INFO:tensorflow:Training from step 1.

DEBUG:tensorflow:[] 25, 128, Counter({'left': 15, 'sdop': 13, 'nO': 13, 'gO': 13, 'yes': 9, 'on': 9, 'dUn': 8, 'of': 7, '9': 7, 'up': 7, 'rIt': 6, 'fw': 3, 'sevn': 3, 'sics': 2, 'wun': 2, 'mavn': 2, 'dog': 1, 'sirO': 1, 'hUs': 1, 'Et': 1, 'srE': 1, 'nIn': 1, 'wU': 1, 'tw': 1, 'bwd': 1})
DEBUG:tensorflow:[] 25, 128, Counter({'9': 20, 'on': 15, 'rIt': 12, 'sdop': 9, 'of': 9, 'up': 8, 'nO': 8, 'dUn': 7, 'gO': 7, 'left': 6, 'yes': 6, 'fIv': 3, 'nIn': 3, 'wU': 3, 'srE': 2, 'sics': 1, 'sirO': 1, 'fw': 1, 'sEli': 1, 'hUs': 1, 'sevn': 1, 'bwd': 1, 'Et': 1, 'tw': 1, 'mavn': 1})
DEBUG:tensorflow:[] 24, 128, Counter({'left': 14, 'up': 13, '9': 12, 'on': 12, 'rIt': 10, 'gO': 9, 'of': 8, 'nO': 8, 'sdop': 7, 'dUn': 7, 'yes': 7, 'wun': 3, 'bed': 3, 'hapi': 2, 'wU': 2, 'bwd': 2, 'cat': 2, 'sEli': 1, 'sics': 1, 'fIv': 1, 'sirO': 1, 'sevn': 1, 'nIn': 1, 'mavn': 1})
DEBUG:tensorflow:[] 28, 128, Counter({'rIt': 16, 'gO': 15, 'left': 12, 'dUn': 11, 'up': 11, 'on': 11, 'nO': 11, 'sdop': 7, 'of': 5, '9': 4, 'yes': 4, 'dog': 2, 'wun': 2, 'tw': 2, 'bwd': 2, 'sics': 1, 'sirO': 1, 'hapi': 1, 'fw': 1, 'fIv': 1, 'sEli': 1, 'hUs': 1, 'sevn': 1, 'srE': 1, 'nIn': 1, 'Et': 1, 'bed': 1, 'cat': 1})
DEBUG:tensorflow:[] 24, 128, Counter({'9': 16, 'sdop': 13, 'yes': 13, 'nO': 11, 'dUn': 10, 'on': 9, 'gO': 9, 'up': 8, 'left': 8, 'of': 5, 'rIt': 5, 'fw': 3, 'sevn': 3, 'sics': 2, 'srE': 2, 'Et': 2, 'cat': 2, 'dog': 1, 'sEli': 1, 'hUs': 1, 'nIn': 1, 'bed': 1, 'tw': 1, 'mavn': 1})
DEBUG:tensorflow:data_augment=0.035s, training=0.269s
DEBUG:tensorflow:data_augment=0.040s, training=0.272s
DEBUG:tensorflow:data_augment=0.038s, training=0.270s
DEBUG:tensorflow:data_augment=0.037s, training=0.271s
INFO:tensorflow:Step #25, epoch #0.13: acc_fgreedy = 3.12%, loss = 8.6978, time = 8.859s
INFO:tensorflow:Step #50, epoch #0.26: acc_fgreedy = 6.25%, loss = 7.9230, time = 7.929s
INFO:tensorflow:Step #75, epoch #0.39: acc_fgreedy = 12.50%, loss = 6.7445, time = 7.935s
INFO:tensorflow:Step #100, epoch #0.52: acc_fgreedy = 21.88%, loss = 5.9511, time = 7.928s
INFO:tensorflow:Step #125, epoch #0.65: acc_fgreedy = 23.44%, loss = 5.6743, time = 7.954s
INFO:tensorflow:Step #150, epoch #0.78: acc_fgreedy = 34.38%, loss = 5.0259, time = 7.943s
INFO:tensorflow:Step #175, epoch #0.91: acc_fgreedy = 41.41%, loss = 4.6184, time = 7.981s
INFO:tensorflow:Step #192, epoch #1.00 [validation]:
INFO:tensorflow:Step 192: [validation] acc_beam = 7.94%, acc_submit = 7.94%, loss = 10.8103, sum_edist = 2.5660, confidence = 0.224
INFO:tensorflow:Saved to "run/ckpts/ann_0426_1853.ckpt-192"

DEBUG:tensorflow:Best*0: ann_0504_1725.ckpt-8640, Score: [98.39%,98.65%]
DEBUG:tensorflow:Best 1: ann_0504_1725.ckpt-8448, Score: [98.37%,98.61%]
DEBUG:tensorflow:Best*2: ann_0504_1725.ckpt-7920, Score: [98.30%,98.65%]
INFO:tensorflow:Restoring parameters from run/ckpts/ann_0504_1725.ckpt-8640
INFO:tensorflow:saving to run/train_0504_1725-8640.csv
INFO:tensorflow:Restoring parameters from run/ckpts/ann_0504_1725.ckpt-8640
INFO:tensorflow:saving to run/submission_0504_1725-8640.csv
INFO:tensorflow:
 [8640]: total = 6134, wrong_pred = 99, wrong_submit = 83, acc_beam, acc_submit: [98.39%, 98.65%] 
  wrong: key_key = 28, key_as_unknown = 44, unknown_as_key = 11
